<?xml version="1.0" encoding="UTF-8"?>
<!-- Generated by org.testng.reporters.JUnitXMLReporter -->
<testsuite ignored="3" hostname="LAPTOP-RQ5ADVUS" failures="0" tests="1" name="Default test" time="20.93" errors="0" timestamp="2024-02-14T01:00:29 EET">
  <testcase classname="mobileApplicationAppium.testCases" name="clickOnEvenNumbers" time="20.859"/>
  <testcase classname="mobileApplicationAppium.testCases" name="clickOtAllNumbers" time="0.0">
    <ignored/>
  </testcase> <!-- clickOtAllNumbers -->
  <testcase classname="mobileApplicationAppium.testCases" name="calculatorApplication" time="0.0">
    <ignored/>
  </testcase> <!-- calculatorApplication -->
  <testcase classname="mobileApplicationAppium.testCases" name="swagLabOnMobileBrowser" time="0.0">
    <ignored/>
  </testcase> <!-- swagLabOnMobileBrowser -->
</testsuite> <!-- Default test -->
