<?xml version="1.0" encoding="UTF-8"?>
<!-- Generated by org.testng.reporters.JUnitXMLReporter -->
<testsuite ignored="3" hostname="LAPTOP-RQ5ADVUS" failures="0" tests="1" name="Default test" time="31.908" errors="0" timestamp="2024-02-14T00:37:55 EET">
  <testcase classname="mobileApplicationAppium.testCases" name="clickOnEvenNumbers" time="31.751"/>
  <testcase classname="mobileApplicationAppium.testCases" name="calculatorApplication" time="0.0">
    <ignored/>
  </testcase> <!-- calculatorApplication -->
  <testcase classname="mobileApplicationAppium.testCases" name="swagLabOnMobileBrowser" time="0.0">
    <ignored/>
  </testcase> <!-- swagLabOnMobileBrowser -->
  <testcase classname="mobileApplicationAppium.testCases" name="clickAtAllNumbers" time="0.0">
    <ignored/>
  </testcase> <!-- clickAtAllNumbers -->
</testsuite> <!-- Default test -->
