<?xml version="1.0" encoding="UTF-8"?>
<testng-results ignored="3" total="4" passed="1" failed="0" skipped="0">
  <reporter-output>
  </reporter-output>
  <suite started-at="2024-02-14T00:37:23 EET" name="Default suite" finished-at="2024-02-14T00:37:55 EET" duration-ms="31908">
    <groups>
    </groups>
    <test started-at="2024-02-14T00:37:23 EET" name="Default test" finished-at="2024-02-14T00:37:55 EET" duration-ms="31908">
      <class name="mobileApplicationAppium.testCases">
        <test-method is-config="true" signature="setup()[pri:0, instance:mobileApplicationAppium.testCases@7f3b84b8]" started-at="2024-02-14T00:37:23 EET" name="setup" finished-at="2024-02-14T00:37:23 EET" duration-ms="20" status="PASS">
          <reporter-output>
          </reporter-output>
        </test-method> <!-- setup -->
        <test-method signature="clickOnEvenNumbers()[pri:0, instance:mobileApplicationAppium.testCases@7f3b84b8]" started-at="2024-02-14T00:37:23 EET" name="clickOnEvenNumbers" finished-at="2024-02-14T00:37:55 EET" duration-ms="31751" status="PASS">
          <reporter-output>
          </reporter-output>
        </test-method> <!-- clickOnEvenNumbers -->
        <test-method is-config="true" signature="postTest()[pri:0, instance:mobileApplicationAppium.testCases@7f3b84b8]" started-at="2024-02-14T00:37:55 EET" name="postTest" finished-at="2024-02-14T00:37:55 EET" duration-ms="4" status="PASS">
          <reporter-output>
          </reporter-output>
        </test-method> <!-- postTest -->
      </class> <!-- mobileApplicationAppium.testCases -->
    </test> <!-- Default test -->
  </suite> <!-- Default suite -->
</testng-results>
