<?xml version="1.0" encoding="UTF-8"?>
<testng-results ignored="2" total="3" passed="1" failed="0" skipped="0">
  <reporter-output>
  </reporter-output>
  <suite started-at="2024-01-01T01:41:24 EET" name="Default suite" finished-at="2024-01-01T01:41:42 EET" duration-ms="18374">
    <groups>
    </groups>
    <test started-at="2024-01-01T01:41:24 EET" name="Default test" finished-at="2024-01-01T01:41:42 EET" duration-ms="18374">
      <class name="mobileApplicationAppium.testCases">
        <test-method is-config="true" signature="setup()[pri:0, instance:mobileApplicationAppium.testCases@77847718]" started-at="2024-01-01T01:41:24 EET" name="setup" finished-at="2024-01-01T01:41:24 EET" duration-ms="11" status="PASS">
          <reporter-output>
          </reporter-output>
        </test-method> <!-- setup -->
        <test-method signature="clickOnEvenNumbers()[pri:0, instance:mobileApplicationAppium.testCases@77847718]" started-at="2024-01-01T01:41:24 EET" name="clickOnEvenNumbers" finished-at="2024-01-01T01:41:42 EET" duration-ms="18316" status="PASS">
          <reporter-output>
          </reporter-output>
        </test-method> <!-- clickOnEvenNumbers -->
        <test-method is-config="true" signature="postTest()[pri:0, instance:mobileApplicationAppium.testCases@77847718]" started-at="2024-01-01T01:41:42 EET" name="postTest" finished-at="2024-01-01T01:41:42 EET" duration-ms="1" status="PASS">
          <reporter-output>
          </reporter-output>
        </test-method> <!-- postTest -->
      </class> <!-- mobileApplicationAppium.testCases -->
    </test> <!-- Default test -->
  </suite> <!-- Default suite -->
</testng-results>
